<?xml version="1.0" encoding="UTF-8"?>
<!-- Generated by org.testng.reporters.JUnitReportReporter -->
<testsuite skipped="0" hostname="DESKTOP-K87KMHG" name="com.vicks.qa.testcases.HomePageTest" tests="1" failures="0" timestamp="11 Dec 2019 15:22:59 GMT" time="34.656" errors="0">
  <testcase name="testPrintOutAllLinkText" time="34.656" classname="com.vicks.qa.testcases.HomePageTest"/>
</testsuite> <!-- com.vicks.qa.testcases.HomePageTest -->
