<?xml version="1.0" encoding="UTF-8"?>
<!-- Generated by org.testng.reporters.JUnitReportReporter -->
<testsuite skipped="1" hostname="DESKTOP-K87KMHG" name="com.vicks.qa.testcases.HomePageTest" tests="3" failures="0" timestamp="10 Dec 2019 02:08:16 GMT" time="129.983" errors="0">
  <testcase name="verifyNavigationtoContactUsPage" time="103.549" classname="com.vicks.qa.testcases.HomePageTest"/>
  <testcase name="HomePageLogoTitle" time="26.434" classname="com.vicks.qa.testcases.HomePageTest"/>
  <testcase name="verifyLanguageSelection" classname="com.vicks.qa.testcases.HomePageTest">
    <skipped/>
  </testcase> <!-- verifyLanguageSelection -->
</testsuite> <!-- com.vicks.qa.testcases.HomePageTest -->
